\BOOKMARK [0][-]{chapter.1}{Introduction}{}% 1
\BOOKMARK [1][-]{section.1.1}{Motivation}{chapter.1}% 2
\BOOKMARK [1][-]{section.1.2}{Structure}{chapter.1}% 3
\BOOKMARK [0][-]{chapter.2}{Background}{}% 4
\BOOKMARK [1][-]{section.2.1}{Notation and Convention}{chapter.2}% 5
\BOOKMARK [2][-]{subsection.2.1.1}{General Notation}{section.2.1}% 6
\BOOKMARK [2][-]{subsection.2.1.2}{Tensor Notation}{section.2.1}% 7
\BOOKMARK [2][-]{subsection.2.1.3}{Summary}{section.2.1}% 8
\BOOKMARK [1][-]{section.2.2}{Mathematical Background}{chapter.2}% 9
\BOOKMARK [2][-]{subsection.2.2.1}{Matrices}{section.2.2}% 10
\BOOKMARK [2][-]{subsection.2.2.2}{Singular Value Decomposition}{section.2.2}% 11
\BOOKMARK [1][-]{section.2.3}{Continuum Mechanics}{chapter.2}% 12
\BOOKMARK [1][-]{section.2.4}{Deformation}{chapter.2}% 13
\BOOKMARK [1][-]{section.2.5}{Deformation Gradient}{chapter.2}% 14
\BOOKMARK [1][-]{section.2.6}{Material Constants}{chapter.2}% 15
\BOOKMARK [1][-]{section.2.7}{Deformation Energy}{chapter.2}% 16
\BOOKMARK [0][-]{chapter.3}{Background}{}% 17
\BOOKMARK [1][-]{section.3.1}{Notation}{chapter.3}% 18
\BOOKMARK [1][-]{section.3.2}{Mathematical Background}{chapter.3}% 19
\BOOKMARK [2][-]{subsection.3.2.1}{Matrices}{section.3.2}% 20
\BOOKMARK [2][-]{subsection.3.2.2}{Singular Value Decomposition}{section.3.2}% 21
\BOOKMARK [1][-]{section.3.3}{Continuum Mechanics}{chapter.3}% 22
\BOOKMARK [1][-]{section.3.4}{Test}{chapter.3}% 23
\BOOKMARK [1][-]{section.3.5}{Bild}{chapter.3}% 24
\BOOKMARK [1][-]{section.3.6}{Text Formatierungen und sonstiges}{chapter.3}% 25
\BOOKMARK [2][-]{subsection.3.6.1}{Listen}{section.3.6}% 26
\BOOKMARK [2][-]{subsection.3.6.2}{Text Hervorhebungen}{section.3.6}% 27
\BOOKMARK [1][-]{section.3.7}{Tabelle}{chapter.3}% 28
\BOOKMARK [1][-]{section.3.8}{Long-Table}{chapter.3}% 29
\BOOKMARK [1][-]{section.3.9}{Literaturverweis}{chapter.3}% 30
\BOOKMARK [1][-]{section.3.10}{Onlineverweise}{chapter.3}% 31
\BOOKMARK [1][-]{section.3.11}{Glossar}{chapter.3}% 32
\BOOKMARK [1][-]{section.3.12}{Abk\374rzungsverzeichnis}{chapter.3}% 33
\BOOKMARK [0][-]{chapter.4}{Paper}{}% 34
\BOOKMARK [1][-]{section.4.1}{Deformation}{chapter.4}% 35
\BOOKMARK [1][-]{section.4.2}{Deformation Gradient}{chapter.4}% 36
\BOOKMARK [1][-]{section.4.3}{Material Constants}{chapter.4}% 37
\BOOKMARK [1][-]{section.4.4}{Deformation Energy}{chapter.4}% 38
\BOOKMARK [0][-]{chapter*.10}{Abbildungsverzeichnis}{}% 39
\BOOKMARK [0][-]{chapter*.11}{Tabellenverzeichnis}{}% 40
\BOOKMARK [0][-]{chapter*.12}{Quelltextverzeichnis}{}% 41
\BOOKMARK [0][-]{section*.13}{Stichwortverzeichnis}{}% 42
\BOOKMARK [0][-]{chapter*.15}{Literaturverzeichnis}{}% 43
\BOOKMARK [0][-]{chapter*.16}{Onlinequellen}{}% 44
\BOOKMARK [0][-]{chapter*.17}{Bildquellen}{}% 45
\BOOKMARK [0][-]{appendix.A}{Anhang A}{}% 46
\BOOKMARK [1][-]{section.A.1}{Diagramm}{appendix.A}% 47
\BOOKMARK [1][-]{section.A.2}{Tabelle}{appendix.A}% 48
\BOOKMARK [1][-]{section.A.3}{Screenshot}{appendix.A}% 49
\BOOKMARK [1][-]{section.A.4}{Graph}{appendix.A}% 50
\BOOKMARK [0][-]{chapter*.18}{Eigenst\344ndigkeitserkl\344rung}{}% 51
